
g++ sum.cpp
./a.out
No errors

nvcc -arch=sm_35 sum1.cu
./a.out
No errors

nvcc -arch=sm_35 sum2wrong.cu
./a.out
Has errors

nvcc -arch=sm_35 sum3if.cu
./a.out
No errors

nvcc -arch=sm_35 sum4check_api.cu
./a.out
CUDA Error:
    File:       sum4check_api.cu
    Line:       24
    Error code: 11
    Error text: invalid argument

nvcc -arch=sm_35 sum5check_kernel.cu
./a.out
CUDA Error:
    File:       sum5check_kernel.cu
    Line:       30
    Error code: 9
    Error text: invalid configuration argument
