
===================================================
cd 02*
===================================================

g++ hello.cpp

./a.out
Hello World!

nvcc -arch=sm_35 hello1.cu

./a.out
Hello World!

nvcc -arch=sm_35 hello2.cu

./a.out
Hello World from the GPU!

nvcc -arch=sm_35 hello3.cu

./a.out
Hello World from the GPU!
Hello World from the GPU!
Hello World from the GPU!
Hello World from the GPU!
Hello World from the GPU!
Hello World from the GPU!
Hello World from the GPU!
Hello World from the GPU!

nvcc -arch=sm_35 hello4.cu

./a.out
Hello World from block 1 and thread 0!
Hello World from block 1 and thread 1!
Hello World from block 1 and thread 2!
Hello World from block 1 and thread 3!
Hello World from block 0 and thread 0!
Hello World from block 0 and thread 1!
Hello World from block 0 and thread 2!
Hello World from block 0 and thread 3!

nvcc -arch=sm_35 hello5.cu

./a.out
Hello World from block-0 and thread-(0, 0)!
Hello World from block-0 and thread-(1, 0)!
Hello World from block-0 and thread-(0, 1)!
Hello World from block-0 and thread-(1, 1)!
Hello World from block-0 and thread-(0, 2)!
Hello World from block-0 and thread-(1, 2)!
Hello World from block-0 and thread-(0, 3)!
Hello World from block-0 and thread-(1, 3)!

===================================================
cd ../03*
===================================================

g++ add.cpp

./a.out
No errors

nvcc -arch=sm_35 add1.cu

./a.out
No errors

nvcc -arch=sm_35 add2wrong.cu

./a.out
Has errors

nvcc -arch=sm_35 add3if.cu

./a.out
No errors

===================================================
cd ../04*
===================================================

nvcc -arch=sm_35 add4check_api.cu

./a.out
CUDA Error:
    File:       add4check_api.cu
    Line:       24
    Error code: 11
    Error text: invalid argument

nvcc -arch=sm_35 add5check_kernel.cu

./a.out
CUDA Error:
    File:       add5check_kernel.cu
    Line:       30
    Error code: 9
    Error text: invalid configuration argument

===================================================
cd ../05*
===================================================

g++ -O3 add.cpp

./a.out
Time used for host function = 0.295747 s.
No errors

nvcc -arch=sm_35 add.cu

nvprof --unified-memory-profiling off ./a.out 1
==2958886== NVPROF is profiling process 2958886, command: ./a.out 1
No errors
==2958886== Profiling application: ./a.out 1
==2958886== Profiling result:
            Type  Time(%)      Time     Calls       Avg       Min       Max  Name
 GPU activities:   52.94%  148.54ms         2  74.270ms  68.183ms  80.357ms  [CUDA memcpy HtoD]
                   44.11%  123.78ms         1  123.78ms  123.78ms  123.78ms  [CUDA memcpy DtoH]
                    2.95%  8.2727ms         1  8.2727ms  8.2727ms  8.2727ms  add(float*, float*, float*, int)
      API calls:   49.97%  281.40ms         3  93.799ms  68.375ms  132.56ms  cudaMemcpy
                   35.37%  199.17ms         3  66.392ms  812.02us  197.54ms  cudaMalloc
                   14.44%  81.295ms         3  27.098ms  496.46us  40.411ms  cudaFree
                    0.14%  792.52us        94  8.4310us     977ns  295.72us  cuDeviceGetAttribute
                    0.04%  244.81us         1  244.81us  244.81us  244.81us  cuDeviceTotalMem
                    0.03%  147.58us         1  147.58us  147.58us  147.58us  cuDeviceGetName
                    0.01%  47.424us         1  47.424us  47.424us  47.424us  cudaLaunch
                    0.00%  11.244us         4  2.8110us     698ns  8.4510us  cudaSetupArgument
                    0.00%  4.6100us         2  2.3050us  1.1870us  3.4230us  cuDeviceGetCount
                    0.00%  3.7020us         1  3.7020us  3.7020us  3.7020us  cudaConfigureCall
                    0.00%  2.5140us         2  1.2570us     977ns  1.5370us  cuDeviceGet

nvprof --unified-memory-profiling off ./a.out 1000
==2958899== NVPROF is profiling process 2958899, command: ./a.out 1000
No errors
==2958899== Profiling application: ./a.out 1000
==2958899== Profiling result:
            Type  Time(%)      Time     Calls       Avg       Min       Max  Name
 GPU activities:   97.03%  8.21476s      1000  8.2148ms  8.1924ms  8.2758ms  add(float*, float*, float*, int)
                    1.59%  135.02ms         2  67.512ms  65.232ms  69.792ms  [CUDA memcpy HtoD]
                    1.38%  116.53ms         1  116.53ms  116.53ms  116.53ms  [CUDA memcpy DtoH]
      API calls:   97.00%  8.45461s         3  2.81820s  65.403ms  8.31934s  cudaMemcpy
                    1.93%  168.10ms         3  56.033ms  679.45us  166.74ms  cudaMalloc
                    0.93%  81.220ms         3  27.073ms  462.23us  40.380ms  cudaFree
                    0.09%  7.8497ms      1000  7.8490us  7.4730us  46.517us  cudaLaunch
                    0.03%  2.7816ms      4000     695ns     558ns  16.833us  cudaSetupArgument
                    0.01%  744.97us      1000     744ns     628ns  2.9330us  cudaConfigureCall
                    0.01%  708.58us        94  7.5380us     977ns  243.06us  cuDeviceGetAttribute
                    0.00%  405.52us         1  405.52us  405.52us  405.52us  cuDeviceTotalMem
                    0.00%  44.351us         1  44.351us  44.351us  44.351us  cuDeviceGetName
                    0.00%  4.8900us         2  2.4450us  1.2580us  3.6320us  cuDeviceGetCount
                    0.00%  2.3050us         2  1.1520us     908ns  1.3970us  cuDeviceGet

nvcc -arch=sm_35 -DUSE_DP add.cu

nvprof --unified-memory-profiling off ./a.out 1
==2958948== NVPROF is profiling process 2958948, command: ./a.out 1
No errors
==2958948== Profiling application: ./a.out 1
==2958948== Profiling result:
            Type  Time(%)      Time     Calls       Avg       Min       Max  Name
 GPU activities:   50.16%  260.52ms         2  130.26ms  130.21ms  130.31ms  [CUDA memcpy HtoD]
                   46.77%  242.94ms         1  242.94ms  242.94ms  242.94ms  [CUDA memcpy DtoH]
                    3.07%  15.923ms         1  15.923ms  15.923ms  15.923ms  add(double*, double*, double*, int)
      API calls:   64.21%  520.14ms         3  173.38ms  130.33ms  259.42ms  cudaMemcpy
                   20.01%  162.08ms         3  54.028ms  707.46us  80.690ms  cudaFree
                   15.68%  127.01ms         3  42.336ms  966.72us  125.06ms  cudaMalloc
                    0.06%  445.83us        94  4.7420us     698ns  151.35us  cuDeviceGetAttribute
                    0.02%  142.06us         1  142.06us  142.06us  142.06us  cuDeviceGetName
                    0.02%  129.77us         1  129.77us  129.77us  129.77us  cuDeviceTotalMem
                    0.01%  47.006us         1  47.006us  47.006us  47.006us  cudaLaunch
                    0.00%  11.454us         4  2.8630us     768ns  8.4510us  cudaSetupArgument
                    0.00%  3.7010us         2  1.8500us  1.5360us  2.1650us  cuDeviceGetCount
                    0.00%  2.9330us         1  2.9330us  2.9330us  2.9330us  cudaConfigureCall
                    0.00%  2.2350us         2  1.1170us  1.0480us  1.1870us  cuDeviceGet

g++ -O3 arithmetic.cpp

./a.out
Time used for host function = 0.514109 s.
No errors

nvcc -arch=sm_35 arithmetic.cu

nvprof --unified-memory-profiling off ./a.out 100000000 128
==2959003== NVPROF is profiling process 2959003, command: ./a.out 100000000 128
No errors
==2959003== Profiling application: ./a.out 100000000 128
==2959003== Profiling result:
            Type  Time(%)      Time     Calls       Avg       Min       Max  Name
 GPU activities:   71.37%  217.47ms         1  217.47ms  217.47ms  217.47ms  [CUDA memcpy DtoH]
                   28.63%  87.237ms         1  87.237ms  87.237ms  87.237ms  arithmetic(float*, int)
      API calls:   60.03%  305.40ms         1  305.40ms  305.40ms  305.40ms  cudaMemcpy
                   39.67%  201.82ms         1  201.82ms  201.82ms  201.82ms  cudaMalloc
                    0.14%  711.65us        94  7.5700us     838ns  218.89us  cuDeviceGetAttribute
                    0.10%  487.59us         1  487.59us  487.59us  487.59us  cudaFree
                    0.04%  189.98us         1  189.98us  189.98us  189.98us  cuDeviceTotalMem
                    0.01%  55.596us         1  55.596us  55.596us  55.596us  cudaLaunch
                    0.01%  52.453us         1  52.453us  52.453us  52.453us  cuDeviceGetName
                    0.00%  6.9840us         2  3.4920us     908ns  6.0760us  cudaSetupArgument
                    0.00%  3.9110us         2  1.9550us  1.3270us  2.5840us  cuDeviceGetCount
                    0.00%  2.3750us         1  2.3750us  2.3750us  2.3750us  cudaConfigureCall
                    0.00%  2.3050us         2  1.1520us     978ns  1.3270us  cuDeviceGet

nvprof --unified-memory-profiling off ./a.out 10000000 128
==2959015== NVPROF is profiling process 2959015, command: ./a.out 10000000 128
No errors
==2959015== Profiling application: ./a.out 10000000 128
==2959015== Profiling result:
            Type  Time(%)      Time     Calls       Avg       Min       Max  Name
 GPU activities:   74.26%  25.190ms         1  25.190ms  25.190ms  25.190ms  [CUDA memcpy DtoH]
                   25.74%  8.7294ms         1  8.7294ms  8.7294ms  8.7294ms  arithmetic(float*, int)
      API calls:   81.49%  158.30ms         1  158.30ms  158.30ms  158.30ms  cudaMalloc
                   17.83%  34.643ms         1  34.643ms  34.643ms  34.643ms  cudaMemcpy
                    0.39%  754.04us        94  8.0210us     838ns  332.53us  cuDeviceGetAttribute
                    0.13%  260.87us         1  260.87us  260.87us  260.87us  cudaFree
                    0.10%  202.41us         1  202.41us  202.41us  202.41us  cuDeviceTotalMem
                    0.03%  50.638us         1  50.638us  50.638us  50.638us  cuDeviceGetName
                    0.02%  38.694us         1  38.694us  38.694us  38.694us  cudaLaunch
                    0.00%  5.5170us         2  2.7580us     838ns  4.6790us  cudaSetupArgument
                    0.00%  3.7020us         2  1.8510us  1.3970us  2.3050us  cuDeviceGetCount
                    0.00%  2.4440us         2  1.2220us  1.0470us  1.3970us  cuDeviceGet
                    0.00%  1.8860us         1  1.8860us  1.8860us  1.8860us  cudaConfigureCall

nvprof --unified-memory-profiling off ./a.out 1000000 128
==2959028== NVPROF is profiling process 2959028, command: ./a.out 1000000 128
No errors
==2959028== Profiling application: ./a.out 1000000 128
==2959028== Profiling result:
            Type  Time(%)      Time     Calls       Avg       Min       Max  Name
 GPU activities:   66.35%  1.7349ms         1  1.7349ms  1.7349ms  1.7349ms  [CUDA memcpy DtoH]
                   33.65%  879.96us         1  879.96us  879.96us  879.96us  arithmetic(float*, int)
      API calls:   97.05%  160.65ms         1  160.65ms  160.65ms  160.65ms  cudaMalloc
                    2.26%  3.7426ms         1  3.7426ms  3.7426ms  3.7426ms  cudaMemcpy
                    0.39%  640.83us        94  6.8170us     838ns  218.34us  cuDeviceGetAttribute
                    0.13%  213.17us         1  213.17us  213.17us  213.17us  cuDeviceTotalMem
                    0.11%  185.58us         1  185.58us  185.58us  185.58us  cudaFree
                    0.03%  51.336us         1  51.336us  51.336us  51.336us  cuDeviceGetName
                    0.03%  42.955us         1  42.955us  42.955us  42.955us  cudaLaunch
                    0.00%  5.4490us         2  2.7240us     769ns  4.6800us  cudaSetupArgument
                    0.00%  4.1210us         2  2.0600us  1.3270us  2.7940us  cuDeviceGetCount
                    0.00%  2.3750us         2  1.1870us  1.0480us  1.3270us  cuDeviceGet
                    0.00%  2.0960us         1  2.0960us  2.0960us  2.0960us  cudaConfigureCall

nvprof --unified-memory-profiling off ./a.out 100000 128
==2959040== NVPROF is profiling process 2959040, command: ./a.out 100000 128
No errors
==2959040== Profiling application: ./a.out 100000 128
==2959040== Profiling result:
            Type  Time(%)      Time     Calls       Avg       Min       Max  Name
 GPU activities:   60.76%  96.194us         1  96.194us  96.194us  96.194us  arithmetic(float*, int)
                   39.24%  62.114us         1  62.114us  62.114us  62.114us  [CUDA memcpy DtoH]
      API calls:   99.07%  159.41ms         1  159.41ms  159.41ms  159.41ms  cudaMalloc
                    0.30%  489.61us        94  5.2080us     768ns  167.07us  cuDeviceGetAttribute
                    0.29%  461.19us         1  461.19us  461.19us  461.19us  cudaMemcpy
                    0.10%  168.40us         1  168.40us  168.40us  168.40us  cuDeviceGetName
                    0.10%  166.65us         1  166.65us  166.65us  166.65us  cudaFree
                    0.09%  147.79us         1  147.79us  147.79us  147.79us  cuDeviceTotalMem
                    0.03%  45.678us         1  45.678us  45.678us  45.678us  cudaLaunch
                    0.00%  6.0760us         2  3.0380us     838ns  5.2380us  cudaSetupArgument
                    0.00%  3.4920us         2  1.7460us  1.2570us  2.2350us  cuDeviceGetCount
                    0.00%  2.4440us         2  1.2220us  1.1870us  1.2570us  cuDeviceGet
                    0.00%  2.3750us         1  2.3750us  2.3750us  2.3750us  cudaConfigureCall

nvprof --unified-memory-profiling off ./a.out 10000 128
==2959052== NVPROF is profiling process 2959052, command: ./a.out 10000 128
No errors
==2959052== Profiling application: ./a.out 10000 128
==2959052== Profiling result:
            Type  Time(%)      Time     Calls       Avg       Min       Max  Name
 GPU activities:   65.25%  15.744us         1  15.744us  15.744us  15.744us  arithmetic(float*, int)
                   34.75%  8.3850us         1  8.3850us  8.3850us  8.3850us  [CUDA memcpy DtoH]
      API calls:   99.29%  160.21ms         1  160.21ms  160.21ms  160.21ms  cudaMalloc
                    0.39%  621.55us        94  6.6120us     907ns  217.01us  cuDeviceGetAttribute
                    0.13%  202.20us         1  202.20us  202.20us  202.20us  cuDeviceTotalMem
                    0.09%  150.24us         1  150.24us  150.24us  150.24us  cudaFree
                    0.04%  65.794us         1  65.794us  65.794us  65.794us  cudaMemcpy
                    0.03%  55.247us         1  55.247us  55.247us  55.247us  cuDeviceGetName
                    0.02%  38.903us         1  38.903us  38.903us  38.903us  cudaLaunch
                    0.00%  5.3080us         2  2.6540us     768ns  4.5400us  cudaSetupArgument
                    0.00%  4.2600us         2  2.1300us  1.4670us  2.7930us  cuDeviceGetCount
                    0.00%  2.5850us         2  1.2920us  1.0480us  1.5370us  cuDeviceGet
                    0.00%  2.0950us         1  2.0950us  2.0950us  2.0950us  cudaConfigureCall

nvprof --unified-memory-profiling off ./a.out 1000 128
==2959064== NVPROF is profiling process 2959064, command: ./a.out 1000 128
No errors
==2959064== Profiling application: ./a.out 1000 128
==2959064== Profiling result:
            Type  Time(%)      Time     Calls       Avg       Min       Max  Name
 GPU activities:   83.75%  15.168us         1  15.168us  15.168us  15.168us  arithmetic(float*, int)
                   16.25%  2.9440us         1  2.9440us  2.9440us  2.9440us  [CUDA memcpy DtoH]
      API calls:   99.22%  153.36ms         1  153.36ms  153.36ms  153.36ms  cudaMalloc
                    0.42%  647.67us        94  6.8900us     838ns  266.25us  cuDeviceGetAttribute
                    0.16%  239.92us         1  239.92us  239.92us  239.92us  cuDeviceTotalMem
                    0.09%  146.39us         1  146.39us  146.39us  146.39us  cudaFree
                    0.05%  80.391us         1  80.391us  80.391us  80.391us  cuDeviceGetName
                    0.03%  42.116us         1  42.116us  42.116us  42.116us  cudaLaunch
                    0.03%  38.973us         1  38.973us  38.973us  38.973us  cudaMemcpy
                    0.00%  5.0980us         2  2.5490us     768ns  4.3300us  cudaSetupArgument
                    0.00%  4.1900us         2  2.0950us  1.4660us  2.7240us  cuDeviceGetCount
                    0.00%  2.3050us         2  1.1520us     978ns  1.3270us  cuDeviceGet
                    0.00%  1.9550us         1  1.9550us  1.9550us  1.9550us  cudaConfigureCall

nvprof --unified-memory-profiling off ./a.out 100000000 32
==2959076== NVPROF is profiling process 2959076, command: ./a.out 100000000 32
No errors
==2959076== Profiling application: ./a.out 100000000 32
==2959076== Profiling result:
            Type  Time(%)      Time     Calls       Avg       Min       Max  Name
 GPU activities:   50.01%  202.94ms         1  202.94ms  202.94ms  202.94ms  [CUDA memcpy DtoH]
                   49.99%  202.83ms         1  202.83ms  202.83ms  202.83ms  arithmetic(float*, int)
      API calls:   70.37%  406.47ms         1  406.47ms  406.47ms  406.47ms  cudaMemcpy
                   29.41%  169.86ms         1  169.86ms  169.86ms  169.86ms  cudaMalloc
                    0.10%  581.95us        94  6.1900us     838ns  202.34us  cuDeviceGetAttribute
                    0.08%  454.41us         1  454.41us  454.41us  454.41us  cudaFree
                    0.03%  178.59us         1  178.59us  178.59us  178.59us  cuDeviceTotalMem
                    0.01%  49.660us         1  49.660us  49.660us  49.660us  cuDeviceGetName
                    0.01%  45.958us         1  45.958us  45.958us  45.958us  cudaLaunch
                    0.00%  6.0070us         2  3.0030us     838ns  5.1690us  cudaSetupArgument
                    0.00%  3.7720us         2  1.8860us  1.3970us  2.3750us  cuDeviceGetCount
                    0.00%  2.2350us         1  2.2350us  2.2350us  2.2350us  cudaConfigureCall
                    0.00%  2.1640us         2  1.0820us     977ns  1.1870us  cuDeviceGet

nvprof --unified-memory-profiling off ./a.out 100000000 64
==2959089== NVPROF is profiling process 2959089, command: ./a.out 100000000 64
==2959089== No errors
Profiling application: ./a.out 100000000 64
==2959089== Profiling result:
            Type  Time(%)      Time     Calls       Avg       Min       Max  Name
 GPU activities:   66.66%  202.10ms         1  202.10ms  202.10ms  202.10ms  [CUDA memcpy DtoH]
                   33.34%  101.10ms         1  101.10ms  101.10ms  101.10ms  arithmetic(float*, int)
      API calls:   65.32%  303.92ms         1  303.92ms  303.92ms  303.92ms  cudaMemcpy
                   34.37%  159.92ms         1  159.92ms  159.92ms  159.92ms  cudaMalloc
                    0.14%  647.46us        94  6.8870us     838ns  248.51us  cuDeviceGetAttribute
                    0.10%  483.19us         1  483.19us  483.19us  483.19us  cudaFree
                    0.04%  192.91us         1  192.91us  192.91us  192.91us  cuDeviceTotalMem
                    0.01%  56.574us         1  56.574us  56.574us  56.574us  cuDeviceGetName
                    0.01%  44.351us         1  44.351us  44.351us  44.351us  cudaLaunch
                    0.00%  5.5880us         2  2.7940us     838ns  4.7500us  cudaSetupArgument
                    0.00%  3.8420us         2  1.9210us  1.3970us  2.4450us  cuDeviceGetCount
                    0.00%  2.5140us         2  1.2570us  1.0470us  1.4670us  cuDeviceGet
                    0.00%  2.0950us         1  2.0950us  2.0950us  2.0950us  cudaConfigureCall

nvprof --unified-memory-profiling off ./a.out 100000000 256
==2959101== NVPROF is profiling process 2959101, command: ./a.out 100000000 256
No errors
==2959101== Profiling application: ./a.out 100000000 256
==2959101== Profiling result:
            Type  Time(%)      Time     Calls       Avg       Min       Max  Name
 GPU activities:   69.94%  202.98ms         1  202.98ms  202.98ms  202.98ms  [CUDA memcpy DtoH]
                   30.06%  87.221ms         1  87.221ms  87.221ms  87.221ms  arithmetic(float*, int)
      API calls:   66.93%  290.91ms         1  290.91ms  290.91ms  290.91ms  cudaMemcpy
                   32.68%  142.06ms         1  142.06ms  142.06ms  142.06ms  cudaMalloc
                    0.16%  701.80us        94  7.4650us     977ns  243.97us  cuDeviceGetAttribute
                    0.10%  455.46us         1  455.46us  455.46us  455.46us  cudaFree
                    0.06%  244.18us         1  244.18us  244.18us  244.18us  cuDeviceTotalMem
                    0.05%  225.39us         1  225.39us  225.39us  225.39us  cuDeviceGetName
                    0.01%  38.345us         1  38.345us  38.345us  38.345us  cudaLaunch
                    0.00%  5.1680us         2  2.5840us  1.9560us  3.2120us  cuDeviceGetCount
                    0.00%  5.0980us         2  2.5490us     768ns  4.3300us  cudaSetupArgument
                    0.00%  2.8640us         2  1.4320us  1.1880us  1.6760us  cuDeviceGet
                    0.00%  1.9560us         1  1.9560us  1.9560us  1.9560us  cudaConfigureCall

nvprof --unified-memory-profiling off ./a.out 100000000 512
==2959113== NVPROF is profiling process 2959113, command: ./a.out 100000000 512
No errors
==2959113== Profiling application: ./a.out 100000000 512
==2959113== Profiling result:
            Type  Time(%)      Time     Calls       Avg       Min       Max  Name
 GPU activities:   69.95%  203.39ms         1  203.39ms  203.39ms  203.39ms  [CUDA memcpy DtoH]
                   30.05%  87.364ms         1  87.364ms  87.364ms  87.364ms  arithmetic(float*, int)
      API calls:   63.69%  291.47ms         1  291.47ms  291.47ms  291.47ms  cudaMemcpy
                   35.91%  164.33ms         1  164.33ms  164.33ms  164.33ms  cudaMalloc
                    0.22%  995.43us        94  10.589us     908ns  573.08us  cuDeviceGetAttribute
                    0.11%  499.25us         1  499.25us  499.25us  499.25us  cudaFree
                    0.05%  230.00us         1  230.00us  230.00us  230.00us  cuDeviceTotalMem
                    0.01%  54.060us         1  54.060us  54.060us  54.060us  cuDeviceGetName
                    0.01%  40.580us         1  40.580us  40.580us  40.580us  cudaLaunch
                    0.00%  5.6580us         2  2.8290us     839ns  4.8190us  cudaSetupArgument
                    0.00%  4.4690us         2  2.2340us  1.5360us  2.9330us  cuDeviceGetCount
                    0.00%  2.5140us         2  1.2570us  1.0470us  1.4670us  cuDeviceGet
                    0.00%  2.0260us         1  2.0260us  2.0260us  2.0260us  cudaConfigureCall

nvprof --unified-memory-profiling off ./a.out 100000000 1024
==2959125== NVPROF is profiling process 2959125, command: ./a.out 100000000 1024
No errors
==2959125== Profiling application: ./a.out 100000000 1024
==2959125== Profiling result:
            Type  Time(%)      Time     Calls       Avg       Min       Max  Name
 GPU activities:   69.90%  203.94ms         1  203.94ms  203.94ms  203.94ms  [CUDA memcpy DtoH]
                   30.10%  87.831ms         1  87.831ms  87.831ms  87.831ms  arithmetic(float*, int)
      API calls:   64.56%  292.47ms         1  292.47ms  292.47ms  292.47ms  cudaMemcpy
                   35.12%  159.11ms         1  159.11ms  159.11ms  159.11ms  cudaMalloc
                    0.14%  615.34us        94  6.5460us     838ns  214.28us  cuDeviceGetAttribute
                    0.11%  485.21us         1  485.21us  485.21us  485.21us  cudaFree
                    0.04%  193.26us         1  193.26us  193.26us  193.26us  cuDeviceTotalMem
                    0.01%  56.504us         1  56.504us  56.504us  56.504us  cuDeviceGetName
                    0.01%  43.513us         1  43.513us  43.513us  43.513us  cudaLaunch
                    0.00%  5.6570us         2  2.8280us     768ns  4.8890us  cudaSetupArgument
                    0.00%  3.9120us         2  1.9560us  1.3270us  2.5850us  cuDeviceGetCount
                    0.00%  2.3750us         2  1.1870us  1.0480us  1.3270us  cuDeviceGet
                    0.00%  1.9550us         1  1.9550us  1.9550us  1.9550us  cudaConfigureCall

===================================================
cd ../07*
===================================================

nvcc -arch=sm_35 add_unified.cu

nvprof --unified-memory-profiling off ./a.out
==2959174== NVPROF is profiling process 2959174, command: ./a.out
==2959174== Profiling application: ./a.out
No errors
==2959174== Profiling result:
            Type  Time(%)      Time     Calls       Avg       Min       Max  Name
 GPU activities:  100.00%  15.937ms         1  15.937ms  15.937ms  15.937ms  add(double*, double*, double*, int)
      API calls:   37.59%  413.70ms         3  137.90ms  87.669ms  238.36ms  cudaMallocManaged
                   35.36%  389.20ms         1  389.20ms  389.20ms  389.20ms  cudaLaunch
                   25.52%  280.90ms         3  93.633ms  88.883ms  103.11ms  cudaFree
                    1.45%  15.947ms         1  15.947ms  15.947ms  15.947ms  cudaDeviceSynchronize
                    0.05%  540.88us        94  5.7540us     838ns  187.04us  cuDeviceGetAttribute
                    0.02%  172.87us         1  172.87us  172.87us  172.87us  cuDeviceTotalMem
                    0.01%  57.901us         1  57.901us  57.901us  57.901us  cuDeviceGetName
                    0.00%  9.7780us         4  2.4440us     698ns  6.8450us  cudaSetupArgument
                    0.00%  4.4700us         1  4.4700us  4.4700us  4.4700us  cudaConfigureCall
                    0.00%  3.7010us         2  1.8500us  1.5360us  2.1650us  cuDeviceGetCount
                    0.00%  2.2350us         2  1.1170us     908ns  1.3270us  cuDeviceGet

===================================================
cd ../08*
===================================================

nvcc -arch=sm_35 copy.cu

nvprof --unified-memory-profiling off ./a.out
==2959223== NVPROF is profiling process 2959223, command: ./a.out 10000 16 16
==2959223== Profiling application: ./a.out 10000 16 16
==2959223== Profiling result:
            Type  Time(%)      Time     Calls       Avg       Min       Max  Name
 GPU activities:  100.00%  6.4906ms         1  6.4906ms  6.4906ms  6.4906ms  copy(float*, float*, int)
      API calls:   58.82%  230.69ms         2  115.34ms  43.777ms  186.91ms  cudaMallocManaged
                   22.68%  88.958ms         2  44.479ms  44.367ms  44.590ms  cudaFree
                   16.59%  65.057ms         1  65.057ms  65.057ms  65.057ms  cudaLaunch
                    1.66%  6.4959ms         1  6.4959ms  6.4959ms  6.4959ms  cudaDeviceSynchronize
                    0.15%  586.91us        94  6.2430us     838ns  204.02us  cuDeviceGetAttribute
                    0.05%  196.47us         1  196.47us  196.47us  196.47us  cuDeviceTotalMem
                    0.04%  159.80us         1  159.80us  159.80us  159.80us  cuDeviceGetName
                    0.00%  8.6610us         3  2.8870us     838ns  6.4960us  cudaSetupArgument
                    0.00%  4.4700us         2  2.2350us  1.8160us  2.6540us  cuDeviceGetCount
                    0.00%  4.2610us         1  4.2610us  4.2610us  4.2610us  cudaConfigureCall
                    0.00%  3.2820us         2  1.6410us  1.4670us  1.8150us  cuDeviceGet

nvcc -arch=sm_35 transpose1global_coalesced_read.cu

nvprof --unified-memory-profiling off ./a.out
==2959272== NVPROF is profiling process 2959272, command: ./a.out 10000 16 16
==2959272== Profiling application: ./a.out 10000 16 16
==2959272== Profiling result:
            Type  Time(%)      Time     Calls       Avg       Min       Max  Name
 GPU activities:  100.00%  9.7921ms         1  9.7921ms  9.7921ms  9.7921ms  transpose(float*, float*, int)
      API calls:   59.81%  245.78ms         2  122.89ms  44.054ms  201.73ms  cudaMallocManaged
                   21.66%  88.996ms         2  44.498ms  44.379ms  44.618ms  cudaFree
                   15.91%  65.368ms         1  65.368ms  65.368ms  65.368ms  cudaLaunch
                    2.38%  9.8008ms         1  9.8008ms  9.8008ms  9.8008ms  cudaDeviceSynchronize
                    0.15%  608.56us        94  6.4740us     838ns  214.00us  cuDeviceGetAttribute
                    0.05%  199.55us         1  199.55us  199.55us  199.55us  cuDeviceTotalMem
                    0.04%  183.41us         1  183.41us  183.41us  183.41us  cuDeviceGetName
                    0.00%  9.0110us         3  3.0030us     769ns  6.6350us  cudaSetupArgument
                    0.00%  4.4000us         2  2.2000us  1.8160us  2.5840us  cuDeviceGetCount
                    0.00%  4.1210us         1  4.1210us  4.1210us  4.1210us  cudaConfigureCall
                    0.00%  2.2350us         2  1.1170us     908ns  1.3270us  cuDeviceGet

nvcc -arch=sm_35 transpose2global_coalesced_write.cu

nvprof --unified-memory-profiling off ./a.out
==2959323== NVPROF is profiling process 2959323, command: ./a.out 10000 16 16
==2959323== Profiling application: ./a.out 10000 16 16
==2959323== Profiling result:
            Type  Time(%)      Time     Calls       Avg       Min       Max  Name
 GPU activities:  100.00%  14.040ms         1  14.040ms  14.040ms  14.040ms  transpose(float*, float*, int)
      API calls:   58.96%  243.27ms         2  121.64ms  43.965ms  199.31ms  cudaMallocManaged
                   21.57%  88.991ms         2  44.495ms  44.367ms  44.624ms  cudaFree
                   15.83%  65.312ms         1  65.312ms  65.312ms  65.312ms  cudaLaunch
                    3.40%  14.048ms         1  14.048ms  14.048ms  14.048ms  cudaDeviceSynchronize
                    0.14%  591.02us        94  6.2870us     839ns  203.88us  cuDeviceGetAttribute
                    0.05%  197.10us         1  197.10us  197.10us  197.10us  cuDeviceGetName
                    0.05%  196.75us         1  196.75us  196.75us  196.75us  cuDeviceTotalMem
                    0.00%  8.8010us         3  2.9330us     698ns  6.7060us  cudaSetupArgument
                    0.00%  4.4000us         2  2.2000us  1.5360us  2.8640us  cuDeviceGetCount
                    0.00%  4.1910us         1  4.1910us  4.1910us  4.1910us  cudaConfigureCall
                    0.00%  2.3060us         2  1.1530us  1.0480us  1.2580us  cuDeviceGet

nvcc -arch=sm_35 transpose3global_ldg.cu

nvprof --unified-memory-profiling off ./a.out
==2959373== NVPROF is profiling process 2959373, command: ./a.out 10000 16 16
==2959373== Profiling application: ./a.out 10000 16 16
==2959373== Profiling result:
            Type  Time(%)      Time     Calls       Avg       Min       Max  Name
 GPU activities:  100.00%  8.1052ms         1  8.1052ms  8.1052ms  8.1052ms  transpose(float const *, float*, int)
      API calls:   59.07%  235.65ms         2  117.82ms  43.808ms  191.84ms  cudaMallocManaged
                   22.30%  88.956ms         2  44.478ms  44.347ms  44.609ms  cudaFree
                   16.37%  65.292ms         1  65.292ms  65.292ms  65.292ms  cudaLaunch
                    2.03%  8.1128ms         1  8.1128ms  8.1128ms  8.1128ms  cudaDeviceSynchronize
                    0.14%  573.70us        94  6.1030us     838ns  215.26us  cuDeviceGetAttribute
                    0.04%  173.36us         1  173.36us  173.36us  173.36us  cuDeviceTotalMem
                    0.04%  165.81us         1  165.81us  165.81us  165.81us  cuDeviceGetName
                    0.00%  8.7990us         3  2.9330us     698ns  6.6350us  cudaSetupArgument
                    0.00%  4.4710us         1  4.4710us  4.4710us  4.4710us  cudaConfigureCall
                    0.00%  3.6330us         2  1.8160us  1.3280us  2.3050us  cuDeviceGetCount
                    0.00%  2.1660us         2  1.0830us     908ns  1.2580us  cuDeviceGet

nvcc -arch=sm_35 transpose4shared_with_confilict.cu

nvprof --unified-memory-profiling off ./a.out
==2959422== NVPROF is profiling process 2959422, command: ./a.out 10000 16 16
==2959422== Profiling application: ./a.out 10000 16 16
==2959422== Profiling result:
            Type  Time(%)      Time     Calls       Avg       Min       Max  Name
 GPU activities:  100.00%  9.1795ms         1  9.1795ms  9.1795ms  9.1795ms  transpose(float*, float*, int)
      API calls:   60.09%  247.45ms         2  123.73ms  43.957ms  203.50ms  cudaMallocManaged
                   21.61%  88.995ms         2  44.497ms  44.401ms  44.594ms  cudaFree
                   15.85%  65.290ms         1  65.290ms  65.290ms  65.290ms  cudaLaunch
                    2.23%  9.1842ms         1  9.1842ms  9.1842ms  9.1842ms  cudaDeviceSynchronize
                    0.15%  630.14us        94  6.7030us     768ns  222.80us  cuDeviceGetAttribute
                    0.05%  202.06us         1  202.06us  202.06us  202.06us  cuDeviceTotalMem
                    0.01%  55.387us         1  55.387us  55.387us  55.387us  cuDeviceGetName
                    0.00%  9.0100us         3  3.0030us     698ns  6.8450us  cudaSetupArgument
                    0.00%  4.1910us         2  2.0950us  1.5370us  2.6540us  cuDeviceGetCount
                    0.00%  4.0510us         1  4.0510us  4.0510us  4.0510us  cudaConfigureCall
                    0.00%  2.3050us         2  1.1520us     978ns  1.3270us  cuDeviceGet

nvcc -arch=sm_35 transpose5shared_without_conflict.cu

nvprof --unified-memory-profiling off ./a.out
==2959473== NVPROF is profiling process 2959473, command: ./a.out 10000 16 16
==2959473== Profiling application: ./a.out 10000 16 16
==2959473== Profiling result:
            Type  Time(%)      Time     Calls       Avg       Min       Max  Name
 GPU activities:  100.00%  9.0173ms         1  9.0173ms  9.0173ms  9.0173ms  transpose(float*, float*, int)
      API calls:   61.91%  267.37ms         2  133.68ms  43.993ms  223.37ms  cudaMallocManaged
                   20.61%  89.021ms         2  44.510ms  44.390ms  44.630ms  cudaFree
                   15.13%  65.349ms         1  65.349ms  65.349ms  65.349ms  cudaLaunch
                    2.09%  9.0257ms         1  9.0257ms  9.0257ms  9.0257ms  cudaDeviceSynchronize
                    0.16%  680.50us        94  7.2390us     977ns  238.73us  cuDeviceGetAttribute
                    0.06%  242.64us         1  242.64us  242.64us  242.64us  cuDeviceTotalMem
                    0.04%  188.09us         1  188.09us  188.09us  188.09us  cuDeviceGetName
                    0.00%  8.3820us         3  2.7940us     698ns  6.3560us  cudaSetupArgument
                    0.00%  5.0290us         2  2.5140us  1.5370us  3.4920us  cuDeviceGetCount
                    0.00%  4.4010us         1  4.4010us  4.4010us  4.4010us  cudaConfigureCall
                    0.00%  2.6540us         2  1.3270us  1.0480us  1.6060us  cuDeviceGet
